TN:
SF:/Users/home/alchemy/career/temperature/lib/app.js
FNF:0
FNH:0
DA:1,1
DA:2,1
DA:4,1
DA:6,1
DA:8,1
DA:9,1
DA:11,1
LF:7
LH:7
BRF:0
BRH:0
end_of_record
TN:
SF:/Users/home/alchemy/career/temperature/lib/middleware/error.js
FN:4,(anonymous_0)
FNF:1
FNH:1
FNDA:1,(anonymous_0)
DA:1,1
DA:4,1
DA:5,1
DA:7,1
DA:9,0
DA:12,1
DA:14,1
DA:16,1
LF:8
LH:7
BRDA:5,0,0,1
BRDA:5,0,1,0
BRDA:7,1,0,0
BRDA:7,1,1,1
BRDA:7,2,0,1
BRDA:7,2,1,1
BRF:6
BRH:4
end_of_record
TN:
SF:/Users/home/alchemy/career/temperature/lib/middleware/not-found.js
FN:1,(anonymous_0)
FNF:1
FNH:1
FNDA:1,(anonymous_0)
DA:1,1
DA:2,1
DA:3,1
DA:4,1
LF:4
LH:4
BRF:0
BRH:0
end_of_record
TN:
SF:/Users/home/alchemy/career/temperature/lib/models/Temperature.js
FNF:0
FNH:0
DA:1,2
DA:3,2
DA:44,2
LF:3
LH:3
BRF:0
BRH:0
end_of_record
TN:
SF:/Users/home/alchemy/career/temperature/lib/routes/temps.js
FN:5,(anonymous_0)
FN:8,(anonymous_1)
FNF:2
FNH:2
FNDA:1,(anonymous_0)
FNDA:1,(anonymous_1)
DA:1,1
DA:2,1
DA:4,1
DA:6,1
DA:8,1
LF:5
LH:5
BRF:0
BRH:0
end_of_record
TN:
SF:/Users/home/alchemy/career/temperature/lib/utils/connect.js
FN:4,(anonymous_0)
FN:11,(anonymous_1)
FN:17,(anonymous_2)
FN:21,(anonymous_3)
FNF:4
FNH:3
FNDA:1,(anonymous_0)
FNDA:1,(anonymous_1)
FNDA:1,(anonymous_2)
FNDA:0,(anonymous_3)
DA:1,1
DA:2,1
DA:4,1
DA:5,1
DA:11,1
DA:12,1
DA:13,1
DA:14,1
DA:17,1
DA:18,1
DA:21,1
DA:22,0
LF:12
LH:11
BRDA:4,0,0,1
BRF:1
BRH:1
end_of_record
